{"contracts/Distribution.sol":{"l":{"60":15,"62":15,"63":15,"65":15,"66":14,"67":14,"69":14,"70":13,"74":25,"79":7,"82":6,"84":6,"85":6,"88":6,"90":6,"104":16,"106":16,"108":14,"109":14,"115":14,"121":14,"125":1,"129":0,"141":2,"142":1,"144":2,"145":0,"146":0,"149":2,"150":2,"151":2,"152":2,"161":1,"170":3,"171":3,"172":3,"187":14,"188":14,"189":14,"190":14,"194":20},"path":"/Users/tikonoff/projects/sen-contracts/contracts/Distribution.sol","s":{"1":15,"2":15,"3":15,"4":15,"5":14,"6":14,"7":14,"8":13,"9":25,"10":7,"11":6,"12":6,"13":6,"14":16,"15":16,"16":14,"17":14,"18":14,"19":14,"20":1,"21":0,"22":2,"23":2,"24":0,"25":2,"26":2,"27":2,"28":1,"29":3,"30":3,"31":3,"32":14,"33":14,"34":14,"35":14,"36":20,"37":0},"b":{"1":[15,0],"2":[14,1],"3":[13,1],"4":[13,0],"5":[6,1],"6":[16,0],"7":[14,2],"8":[1,1],"9":[0,2],"10":[20,0]},"f":{"1":15,"2":25,"3":7,"4":16,"5":1,"6":0,"7":2,"8":1,"9":3,"10":14,"11":20,"12":0},"fnMap":{"1":{"name":"Distribution","line":52,"loc":{"start":{"line":52,"column":2},"end":{"line":58,"column":3}}},"2":{"name":"distributionCap","line":73,"loc":{"start":{"line":73,"column":2},"end":{"line":73,"column":62}}},"3":{"name":"finalize","line":78,"loc":{"start":{"line":78,"column":2},"end":{"line":78,"column":43}}},"4":{"name":"proxyMintTokens","line":97,"loc":{"start":{"line":97,"column":2},"end":{"line":103,"column":3}}},"5":{"name":"onTransfer","line":124,"loc":{"start":{"line":124,"column":2},"end":{"line":124,"column":70}}},"6":{"name":"onApprove","line":128,"loc":{"start":{"line":128,"column":2},"end":{"line":128,"column":69}}},"7":{"name":"claimTokens","line":140,"loc":{"start":{"line":140,"column":2},"end":{"line":140,"column":60}}},"8":{"name":"totalTransactionCount","line":160,"loc":{"start":{"line":160,"column":2},"end":{"line":160,"column":78}}},"9":{"name":"getTransactionAtIndex","line":165,"loc":{"start":{"line":165,"column":2},"end":{"line":169,"column":5}}},"10":{"name":"addTransaction","line":180,"loc":{"start":{"line":180,"column":2},"end":{"line":186,"column":3}}},"11":{"name":"doMint","line":193,"loc":{"start":{"line":193,"column":2},"end":{"line":193,"column":56}}},"12":{"name":"getBlockNumber","line":202,"loc":{"start":{"line":202,"column":2},"end":{"line":202,"column":63}}}},"statementMap":{"1":{"start":{"line":60,"column":4},"end":{"line":60,"column":32}},"2":{"start":{"line":62,"column":4},"end":{"line":62,"column":31}},"3":{"start":{"line":63,"column":4},"end":{"line":63,"column":33}},"4":{"start":{"line":65,"column":4},"end":{"line":65,"column":43}},"5":{"start":{"line":66,"column":4},"end":{"line":66,"column":35}},"6":{"start":{"line":67,"column":4},"end":{"line":67,"column":31}},"7":{"start":{"line":69,"column":4},"end":{"line":69,"column":35}},"8":{"start":{"line":70,"column":4},"end":{"line":70,"column":33}},"9":{"start":{"line":74,"column":4},"end":{"line":74,"column":40}},"10":{"start":{"line":79,"column":4},"end":{"line":79,"column":51}},"11":{"start":{"line":82,"column":4},"end":{"line":82,"column":38}},"12":{"start":{"line":84,"column":4},"end":{"line":84,"column":36}},"13":{"start":{"line":90,"column":4},"end":{"line":90,"column":14}},"14":{"start":{"line":104,"column":4},"end":{"line":104,"column":22}},"15":{"start":{"line":106,"column":4},"end":{"line":106,"column":62}},"16":{"start":{"line":108,"column":4},"end":{"line":108,"column":23}},"17":{"start":{"line":109,"column":4},"end":{"line":109,"column":3287}},"18":{"start":{"line":115,"column":4},"end":{"line":115,"column":3390}},"19":{"start":{"line":121,"column":4},"end":{"line":121,"column":15}},"20":{"start":{"line":125,"column":4},"end":{"line":125,"column":16}},"21":{"start":{"line":129,"column":4},"end":{"line":129,"column":16}},"22":{"start":{"line":141,"column":4},"end":{"line":141,"column":4027}},"23":{"start":{"line":144,"column":4},"end":{"line":144,"column":4113}},"24":{"start":{"line":146,"column":6},"end":{"line":146,"column":12}},"25":{"start":{"line":149,"column":4},"end":{"line":149,"column":45}},"26":{"start":{"line":150,"column":4},"end":{"line":150,"column":47}},"27":{"start":{"line":152,"column":4},"end":{"line":152,"column":45}},"28":{"start":{"line":161,"column":4},"end":{"line":161,"column":41}},"29":{"start":{"line":170,"column":4},"end":{"line":170,"column":50}},"30":{"start":{"line":171,"column":4},"end":{"line":171,"column":62}},"31":{"start":{"line":172,"column":4},"end":{"line":172,"column":54}},"32":{"start":{"line":187,"column":4},"end":{"line":187,"column":66}},"33":{"start":{"line":188,"column":4},"end":{"line":188,"column":25}},"34":{"start":{"line":189,"column":4},"end":{"line":189,"column":37}},"35":{"start":{"line":190,"column":4},"end":{"line":190,"column":29}},"36":{"start":{"line":194,"column":4},"end":{"line":194,"column":41}},"37":{"start":{"line":202,"column":66},"end":{"line":202,"column":85}}},"branchMap":{"1":{"line":60,"type":"if","locations":[{"start":{"line":60,"column":4},"end":{"line":60,"column":4}},{"start":{"line":60,"column":4},"end":{"line":60,"column":4}}]},"2":{"line":65,"type":"if","locations":[{"start":{"line":65,"column":4},"end":{"line":65,"column":4}},{"start":{"line":65,"column":4},"end":{"line":65,"column":4}}]},"3":{"line":69,"type":"if","locations":[{"start":{"line":69,"column":4},"end":{"line":69,"column":4}},{"start":{"line":69,"column":4},"end":{"line":69,"column":4}}]},"4":{"line":70,"type":"if","locations":[{"start":{"line":70,"column":4},"end":{"line":70,"column":4}},{"start":{"line":70,"column":4},"end":{"line":70,"column":4}}]},"5":{"line":79,"type":"if","locations":[{"start":{"line":79,"column":4},"end":{"line":79,"column":4}},{"start":{"line":79,"column":4},"end":{"line":79,"column":4}}]},"6":{"line":104,"type":"if","locations":[{"start":{"line":104,"column":4},"end":{"line":104,"column":4}},{"start":{"line":104,"column":4},"end":{"line":104,"column":4}}]},"7":{"line":106,"type":"if","locations":[{"start":{"line":106,"column":4},"end":{"line":106,"column":4}},{"start":{"line":106,"column":4},"end":{"line":106,"column":4}}]},"8":{"line":141,"type":"if","locations":[{"start":{"line":141,"column":4},"end":{"line":141,"column":4}},{"start":{"line":141,"column":4},"end":{"line":141,"column":4}}]},"9":{"line":144,"type":"if","locations":[{"start":{"line":144,"column":4},"end":{"line":144,"column":4}},{"start":{"line":144,"column":4},"end":{"line":144,"column":4}}]},"10":{"line":194,"type":"if","locations":[{"start":{"line":194,"column":4},"end":{"line":194,"column":4}},{"start":{"line":194,"column":4},"end":{"line":194,"column":4}}]}}},"contracts/interface/ApproveAndCallFallBack.sol":{"l":{},"path":"/Users/tikonoff/projects/sen-contracts/contracts/interface/ApproveAndCallFallBack.sol","s":{},"b":{},"f":{},"fnMap":{},"statementMap":{},"branchMap":{}},"contracts/interface/Burnable.sol":{"l":{"15":3,"16":2,"20":2,"21":2,"30":2},"path":"/Users/tikonoff/projects/sen-contracts/contracts/interface/Burnable.sol","s":{"1":3,"2":2,"3":39,"4":2},"b":{"1":[2,1],"2":[2,0]},"f":{"1":3,"2":2,"3":39,"4":2},"fnMap":{"1":{"name":"onlyControllerOrBurner","line":14,"loc":{"start":{"line":14,"column":2},"end":{"line":14,"column":49}}},"2":{"name":"onlyBurner","line":19,"loc":{"start":{"line":19,"column":2},"end":{"line":19,"column":21}}},"3":{"name":"Burnable","line":25,"loc":{"start":{"line":25,"column":2},"end":{"line":25,"column":28}}},"4":{"name":"changeBurner","line":29,"loc":{"start":{"line":29,"column":2},"end":{"line":29,"column":61}}}},"statementMap":{"1":{"start":{"line":15,"column":4},"end":{"line":15,"column":85}},"2":{"start":{"line":20,"column":4},"end":{"line":20,"column":31}},"3":{"start":{"line":25,"column":31},"end":{"line":25,"column":49}},"4":{"start":{"line":30,"column":4},"end":{"line":30,"column":22}}},"branchMap":{"1":{"line":15,"type":"if","locations":[{"start":{"line":15,"column":4},"end":{"line":15,"column":4}},{"start":{"line":15,"column":4},"end":{"line":15,"column":4}}]},"2":{"line":20,"type":"if","locations":[{"start":{"line":20,"column":4},"end":{"line":20,"column":4}},{"start":{"line":20,"column":4},"end":{"line":20,"column":4}}]}}},"contracts/interface/Controlled.sol":{"l":{"8":127,"9":122,"19":32},"path":"/Users/tikonoff/projects/sen-contracts/contracts/interface/Controlled.sol","s":{"1":127,"2":54,"3":32},"b":{"1":[122,5]},"f":{"1":127,"2":54,"3":32},"fnMap":{"1":{"name":"onlyController","line":7,"loc":{"start":{"line":7,"column":2},"end":{"line":7,"column":25}}},"2":{"name":"Controlled","line":14,"loc":{"start":{"line":14,"column":2},"end":{"line":14,"column":30}}},"3":{"name":"changeController","line":18,"loc":{"start":{"line":18,"column":2},"end":{"line":18,"column":73}}}},"statementMap":{"1":{"start":{"line":8,"column":4},"end":{"line":8,"column":36}},"2":{"start":{"line":14,"column":33},"end":{"line":14,"column":55}},"3":{"start":{"line":19,"column":4},"end":{"line":19,"column":30}}},"branchMap":{"1":{"line":8,"type":"if","locations":[{"start":{"line":8,"column":4},"end":{"line":8,"column":4}},{"start":{"line":8,"column":4},"end":{"line":8,"column":4}}]}}},"contracts/interface/ERC20Token.sol":{"l":{},"path":"/Users/tikonoff/projects/sen-contracts/contracts/interface/ERC20Token.sol","s":{},"b":{},"f":{},"fnMap":{},"statementMap":{},"branchMap":{}},"contracts/interface/MiniMeTokenI.sol":{"l":{},"path":"/Users/tikonoff/projects/sen-contracts/contracts/interface/MiniMeTokenI.sol","s":{},"b":{},"f":{},"fnMap":{},"statementMap":{},"branchMap":{}},"contracts/interface/TokenController.sol":{"l":{},"path":"/Users/tikonoff/projects/sen-contracts/contracts/interface/TokenController.sol","s":{},"b":{},"f":{},"fnMap":{},"statementMap":{},"branchMap":{}},"contracts/MiniMeToken.sol":{"l":{"74":49,"75":47,"99":39,"100":39,"101":39,"102":39,"103":39,"104":39,"116":17,"131":8,"134":8,"135":3,"137":5,"139":5,"149":22,"150":0,"153":22,"156":22,"160":21,"161":21,"162":1,"167":20,"168":1,"173":19,"177":19,"178":19,"179":19,"182":19,"184":19,"190":107,"205":6,"208":6,"209":0,"212":6,"213":6,"214":6,"223":4,"234":0,"236":0,"243":0,"249":105,"267":153,"269":67,"270":6,"273":61,"278":86,"292":105,"294":56,"295":0,"297":56,"302":49,"315":40,"316":40,"317":40,"318":40,"319":40,"320":40,"321":40,"322":40,"330":2,"331":2,"332":2,"333":2,"334":2,"335":2,"336":2,"337":2,"349":135,"350":0,"353":135,"354":135,"355":0,"356":0,"359":0,"360":0,"361":0,"362":0,"363":0,"364":0,"366":0,"369":0,"377":122,"379":121,"380":121,"381":121,"383":1,"384":1,"392":26,"393":26,"394":15,"395":11,"398":11,"403":6,"415":1,"416":0,"417":0,"420":1,"421":1,"422":1,"423":1,"427":7},"path":"/Users/tikonoff/projects/sen-contracts/contracts/MiniMeToken.sol","s":{"1":49,"2":39,"3":39,"4":39,"5":39,"6":39,"7":39,"8":17,"9":8,"10":8,"11":3,"12":5,"13":5,"14":22,"15":0,"16":22,"17":22,"18":21,"19":21,"20":1,"21":20,"22":1,"23":19,"24":19,"25":19,"26":19,"27":19,"28":19,"29":107,"30":6,"31":6,"32":0,"33":6,"34":6,"35":6,"36":4,"37":0,"38":0,"39":0,"40":105,"41":153,"42":67,"43":6,"44":61,"45":86,"46":105,"47":56,"48":0,"49":56,"50":49,"51":40,"52":40,"53":40,"54":40,"55":40,"56":40,"57":40,"58":40,"59":2,"60":2,"61":2,"62":2,"63":2,"64":2,"65":2,"66":2,"67":135,"68":0,"69":135,"70":135,"71":0,"72":0,"73":0,"74":0,"75":0,"76":0,"77":0,"78":0,"79":0,"80":0,"81":122,"82":121,"83":121,"84":121,"85":1,"86":1,"87":26,"88":15,"89":11,"90":6,"91":1,"92":0,"93":1,"94":1,"95":1,"96":7},"b":{"1":[47,2],"2":[8,0],"3":[3,5],"4":[0,22],"5":[22,0],"6":[21,1],"7":[1,20],"8":[1,19],"9":[0,1],"10":[19,0],"11":[6,0],"12":[0,6],"13":[0,0],"14":[0,0],"15":[67,86],"16":[6,61],"17":[56,49],"18":[0,56],"19":[40,0],"20":[40,0],"21":[2,0],"22":[2,0],"23":[0,135],"24":[135,0],"25":[0,0],"26":[0,0],"27":[121,1],"28":[15,11],"29":[0,1]},"f":{"1":49,"2":39,"3":17,"4":8,"5":22,"6":107,"7":6,"8":4,"9":0,"10":105,"11":153,"12":105,"13":40,"14":2,"15":135,"16":122,"17":26,"18":6,"19":1,"20":7},"fnMap":{"1":{"name":"notFinalized","line":73,"loc":{"start":{"line":73,"column":2},"end":{"line":73,"column":25}}},"2":{"name":"MiniMeToken","line":91,"loc":{"start":{"line":91,"column":2},"end":{"line":98,"column":3}}},"3":{"name":"transfer","line":115,"loc":{"start":{"line":115,"column":2},"end":{"line":115,"column":79}}},"4":{"name":"transferFrom","line":125,"loc":{"start":{"line":125,"column":2},"end":{"line":125,"column":98}}},"5":{"name":"doTransfer","line":148,"loc":{"start":{"line":148,"column":2},"end":{"line":148,"column":86}}},"6":{"name":"balanceOf","line":189,"loc":{"start":{"line":189,"column":2},"end":{"line":189,"column":78}}},"7":{"name":"approve","line":199,"loc":{"start":{"line":199,"column":2},"end":{"line":199,"column":83}}},"8":{"name":"allowance","line":222,"loc":{"start":{"line":222,"column":2},"end":{"line":222,"column":98}}},"9":{"name":"approveAndCall","line":233,"loc":{"start":{"line":233,"column":2},"end":{"line":233,"column":108}}},"10":{"name":"totalSupply","line":248,"loc":{"start":{"line":248,"column":2},"end":{"line":248,"column":55}}},"11":{"name":"balanceOfAt","line":260,"loc":{"start":{"line":260,"column":2},"end":{"line":260,"column":88}}},"12":{"name":"totalSupplyAt","line":285,"loc":{"start":{"line":285,"column":2},"end":{"line":285,"column":73}}},"13":{"name":"mintTokens","line":314,"loc":{"start":{"line":314,"column":2},"end":{"line":314,"column":101}}},"14":{"name":"destroyTokens","line":329,"loc":{"start":{"line":329,"column":2},"end":{"line":329,"column":107}}},"15":{"name":"getValueAt","line":348,"loc":{"start":{"line":348,"column":2},"end":{"line":348,"column":101}}},"16":{"name":"updateValueAtNow","line":376,"loc":{"start":{"line":376,"column":2},"end":{"line":376,"column":83}}},"17":{"name":"isContract","line":391,"loc":{"start":{"line":391,"column":2},"end":{"line":391,"column":68}}},"18":{"name":"min","line":402,"loc":{"start":{"line":402,"column":2},"end":{"line":402,"column":59}}},"19":{"name":"claimTokens","line":414,"loc":{"start":{"line":414,"column":2},"end":{"line":414,"column":60}}},"20":{"name":"finalize","line":426,"loc":{"start":{"line":426,"column":2},"end":{"line":426,"column":56}}}},"statementMap":{"1":{"start":{"line":74,"column":4},"end":{"line":74,"column":22}},"2":{"start":{"line":99,"column":4},"end":{"line":99,"column":20}},"3":{"start":{"line":100,"column":4},"end":{"line":100,"column":27}},"4":{"start":{"line":101,"column":4},"end":{"line":101,"column":24}},"5":{"start":{"line":102,"column":4},"end":{"line":102,"column":42}},"6":{"start":{"line":103,"column":4},"end":{"line":103,"column":45}},"7":{"start":{"line":104,"column":4},"end":{"line":104,"column":31}},"8":{"start":{"line":116,"column":4},"end":{"line":116,"column":47}},"9":{"start":{"line":131,"column":4},"end":{"line":131,"column":4899}},"10":{"start":{"line":134,"column":6},"end":{"line":134,"column":5010}},"11":{"start":{"line":135,"column":8},"end":{"line":135,"column":20}},"12":{"start":{"line":137,"column":6},"end":{"line":137,"column":42}},"13":{"start":{"line":139,"column":4},"end":{"line":139,"column":42}},"14":{"start":{"line":149,"column":4},"end":{"line":149,"column":5613}},"15":{"start":{"line":150,"column":6},"end":{"line":150,"column":17}},"16":{"start":{"line":153,"column":4},"end":{"line":153,"column":46}},"17":{"start":{"line":156,"column":4},"end":{"line":156,"column":48}},"18":{"start":{"line":160,"column":4},"end":{"line":160,"column":62}},"19":{"start":{"line":161,"column":4},"end":{"line":161,"column":6007}},"20":{"start":{"line":162,"column":6},"end":{"line":162,"column":18}},"21":{"start":{"line":167,"column":4},"end":{"line":167,"column":6175}},"22":{"start":{"line":168,"column":6},"end":{"line":168,"column":73}},"23":{"start":{"line":173,"column":4},"end":{"line":173,"column":67}},"24":{"start":{"line":177,"column":4},"end":{"line":177,"column":58}},"25":{"start":{"line":178,"column":4},"end":{"line":178,"column":60}},"26":{"start":{"line":179,"column":4},"end":{"line":179,"column":63}},"27":{"start":{"line":182,"column":4},"end":{"line":182,"column":32}},"28":{"start":{"line":184,"column":4},"end":{"line":184,"column":15}},"29":{"start":{"line":190,"column":4},"end":{"line":190,"column":44}},"30":{"start":{"line":205,"column":4},"end":{"line":205,"column":66}},"31":{"start":{"line":208,"column":4},"end":{"line":208,"column":8048}},"32":{"start":{"line":209,"column":6},"end":{"line":209,"column":82}},"33":{"start":{"line":212,"column":4},"end":{"line":212,"column":42}},"34":{"start":{"line":213,"column":4},"end":{"line":213,"column":42}},"35":{"start":{"line":214,"column":4},"end":{"line":214,"column":15}},"36":{"start":{"line":223,"column":4},"end":{"line":223,"column":36}},"37":{"start":{"line":234,"column":4},"end":{"line":234,"column":38}},"38":{"start":{"line":236,"column":4},"end":{"line":236,"column":35}},"39":{"start":{"line":243,"column":4},"end":{"line":243,"column":15}},"40":{"start":{"line":249,"column":4},"end":{"line":249,"column":38}},"41":{"start":{"line":267,"column":4},"end":{"line":267,"column":10485}},"42":{"start":{"line":269,"column":6},"end":{"line":269,"column":10588}},"43":{"start":{"line":270,"column":8},"end":{"line":270,"column":86}},"44":{"start":{"line":273,"column":8},"end":{"line":273,"column":16}},"45":{"start":{"line":278,"column":6},"end":{"line":278,"column":55}},"46":{"start":{"line":292,"column":4},"end":{"line":292,"column":11545}},"47":{"start":{"line":294,"column":6},"end":{"line":294,"column":11652}},"48":{"start":{"line":295,"column":8},"end":{"line":295,"column":80}},"49":{"start":{"line":297,"column":8},"end":{"line":297,"column":16}},"50":{"start":{"line":302,"column":6},"end":{"line":302,"column":57}},"51":{"start":{"line":315,"column":4},"end":{"line":315,"column":38}},"52":{"start":{"line":316,"column":4},"end":{"line":316,"column":54}},"53":{"start":{"line":317,"column":4},"end":{"line":317,"column":45}},"54":{"start":{"line":318,"column":4},"end":{"line":318,"column":60}},"55":{"start":{"line":319,"column":4},"end":{"line":319,"column":65}},"56":{"start":{"line":320,"column":4},"end":{"line":320,"column":66}},"57":{"start":{"line":321,"column":4},"end":{"line":321,"column":31}},"58":{"start":{"line":322,"column":4},"end":{"line":322,"column":15}},"59":{"start":{"line":330,"column":4},"end":{"line":330,"column":38}},"60":{"start":{"line":331,"column":4},"end":{"line":331,"column":37}},"61":{"start":{"line":332,"column":4},"end":{"line":332,"column":47}},"62":{"start":{"line":333,"column":4},"end":{"line":333,"column":42}},"63":{"start":{"line":334,"column":4},"end":{"line":334,"column":65}},"64":{"start":{"line":335,"column":4},"end":{"line":335,"column":68}},"65":{"start":{"line":336,"column":4},"end":{"line":336,"column":31}},"66":{"start":{"line":337,"column":4},"end":{"line":337,"column":15}},"67":{"start":{"line":349,"column":4},"end":{"line":349,"column":13996}},"68":{"start":{"line":350,"column":6},"end":{"line":350,"column":14}},"69":{"start":{"line":353,"column":4},"end":{"line":353,"column":14121}},"70":{"start":{"line":354,"column":6},"end":{"line":354,"column":52}},"71":{"start":{"line":355,"column":4},"end":{"line":355,"column":14200}},"72":{"start":{"line":356,"column":6},"end":{"line":356,"column":14}},"73":{"start":{"line":359,"column":4},"end":{"line":359,"column":15}},"74":{"start":{"line":360,"column":4},"end":{"line":360,"column":34}},"75":{"start":{"line":361,"column":4},"end":{"line":361,"column":14352}},"76":{"start":{"line":362,"column":6},"end":{"line":362,"column":35}},"77":{"start":{"line":363,"column":6},"end":{"line":363,"column":14418}},"78":{"start":{"line":364,"column":8},"end":{"line":364,"column":16}},"79":{"start":{"line":366,"column":8},"end":{"line":366,"column":18}},"80":{"start":{"line":369,"column":4},"end":{"line":369,"column":33}},"81":{"start":{"line":377,"column":4},"end":{"line":377,"column":14861}},"82":{"start":{"line":379,"column":6},"end":{"line":379,"column":73}},"83":{"start":{"line":380,"column":6},"end":{"line":380,"column":52}},"84":{"start":{"line":381,"column":6},"end":{"line":381,"column":42}},"85":{"start":{"line":383,"column":6},"end":{"line":383,"column":73}},"86":{"start":{"line":384,"column":6},"end":{"line":384,"column":42}},"87":{"start":{"line":393,"column":4},"end":{"line":393,"column":15550}},"88":{"start":{"line":394,"column":6},"end":{"line":394,"column":18}},"89":{"start":{"line":398,"column":4},"end":{"line":398,"column":17}},"90":{"start":{"line":403,"column":4},"end":{"line":403,"column":24}},"91":{"start":{"line":415,"column":4},"end":{"line":415,"column":16160}},"92":{"start":{"line":417,"column":6},"end":{"line":417,"column":12}},"93":{"start":{"line":420,"column":4},"end":{"line":420,"column":45}},"94":{"start":{"line":421,"column":4},"end":{"line":421,"column":44}},"95":{"start":{"line":423,"column":4},"end":{"line":423,"column":45}},"96":{"start":{"line":427,"column":4},"end":{"line":427,"column":19}}},"branchMap":{"1":{"line":74,"type":"if","locations":[{"start":{"line":74,"column":4},"end":{"line":74,"column":4}},{"start":{"line":74,"column":4},"end":{"line":74,"column":4}}]},"2":{"line":131,"type":"if","locations":[{"start":{"line":131,"column":4},"end":{"line":131,"column":4}},{"start":{"line":131,"column":4},"end":{"line":131,"column":4}}]},"3":{"line":134,"type":"if","locations":[{"start":{"line":134,"column":6},"end":{"line":134,"column":6}},{"start":{"line":134,"column":6},"end":{"line":134,"column":6}}]},"4":{"line":149,"type":"if","locations":[{"start":{"line":149,"column":4},"end":{"line":149,"column":4}},{"start":{"line":149,"column":4},"end":{"line":149,"column":4}}]},"5":{"line":153,"type":"if","locations":[{"start":{"line":153,"column":4},"end":{"line":153,"column":4}},{"start":{"line":153,"column":4},"end":{"line":153,"column":4}}]},"6":{"line":156,"type":"if","locations":[{"start":{"line":156,"column":4},"end":{"line":156,"column":4}},{"start":{"line":156,"column":4},"end":{"line":156,"column":4}}]},"7":{"line":161,"type":"if","locations":[{"start":{"line":161,"column":4},"end":{"line":161,"column":4}},{"start":{"line":161,"column":4},"end":{"line":161,"column":4}}]},"8":{"line":167,"type":"if","locations":[{"start":{"line":167,"column":4},"end":{"line":167,"column":4}},{"start":{"line":167,"column":4},"end":{"line":167,"column":4}}]},"9":{"line":168,"type":"if","locations":[{"start":{"line":168,"column":6},"end":{"line":168,"column":6}},{"start":{"line":168,"column":6},"end":{"line":168,"column":6}}]},"10":{"line":178,"type":"if","locations":[{"start":{"line":178,"column":4},"end":{"line":178,"column":4}},{"start":{"line":178,"column":4},"end":{"line":178,"column":4}}]},"11":{"line":205,"type":"if","locations":[{"start":{"line":205,"column":4},"end":{"line":205,"column":4}},{"start":{"line":205,"column":4},"end":{"line":205,"column":4}}]},"12":{"line":208,"type":"if","locations":[{"start":{"line":208,"column":4},"end":{"line":208,"column":4}},{"start":{"line":208,"column":4},"end":{"line":208,"column":4}}]},"13":{"line":209,"type":"if","locations":[{"start":{"line":209,"column":6},"end":{"line":209,"column":6}},{"start":{"line":209,"column":6},"end":{"line":209,"column":6}}]},"14":{"line":234,"type":"if","locations":[{"start":{"line":234,"column":4},"end":{"line":234,"column":4}},{"start":{"line":234,"column":4},"end":{"line":234,"column":4}}]},"15":{"line":267,"type":"if","locations":[{"start":{"line":267,"column":4},"end":{"line":267,"column":4}},{"start":{"line":267,"column":4},"end":{"line":267,"column":4}}]},"16":{"line":269,"type":"if","locations":[{"start":{"line":269,"column":6},"end":{"line":269,"column":6}},{"start":{"line":269,"column":6},"end":{"line":269,"column":6}}]},"17":{"line":292,"type":"if","locations":[{"start":{"line":292,"column":4},"end":{"line":292,"column":4}},{"start":{"line":292,"column":4},"end":{"line":292,"column":4}}]},"18":{"line":294,"type":"if","locations":[{"start":{"line":294,"column":6},"end":{"line":294,"column":6}},{"start":{"line":294,"column":6},"end":{"line":294,"column":6}}]},"19":{"line":316,"type":"if","locations":[{"start":{"line":316,"column":4},"end":{"line":316,"column":4}},{"start":{"line":316,"column":4},"end":{"line":316,"column":4}}]},"20":{"line":318,"type":"if","locations":[{"start":{"line":318,"column":4},"end":{"line":318,"column":4}},{"start":{"line":318,"column":4},"end":{"line":318,"column":4}}]},"21":{"line":331,"type":"if","locations":[{"start":{"line":331,"column":4},"end":{"line":331,"column":4}},{"start":{"line":331,"column":4},"end":{"line":331,"column":4}}]},"22":{"line":333,"type":"if","locations":[{"start":{"line":333,"column":4},"end":{"line":333,"column":4}},{"start":{"line":333,"column":4},"end":{"line":333,"column":4}}]},"23":{"line":349,"type":"if","locations":[{"start":{"line":349,"column":4},"end":{"line":349,"column":4}},{"start":{"line":349,"column":4},"end":{"line":349,"column":4}}]},"24":{"line":353,"type":"if","locations":[{"start":{"line":353,"column":4},"end":{"line":353,"column":4}},{"start":{"line":353,"column":4},"end":{"line":353,"column":4}}]},"25":{"line":355,"type":"if","locations":[{"start":{"line":355,"column":4},"end":{"line":355,"column":4}},{"start":{"line":355,"column":4},"end":{"line":355,"column":4}}]},"26":{"line":363,"type":"if","locations":[{"start":{"line":363,"column":6},"end":{"line":363,"column":6}},{"start":{"line":363,"column":6},"end":{"line":363,"column":6}}]},"27":{"line":377,"type":"if","locations":[{"start":{"line":377,"column":4},"end":{"line":377,"column":4}},{"start":{"line":377,"column":4},"end":{"line":377,"column":4}}]},"28":{"line":393,"type":"if","locations":[{"start":{"line":393,"column":4},"end":{"line":393,"column":4}},{"start":{"line":393,"column":4},"end":{"line":393,"column":4}}]},"29":{"line":415,"type":"if","locations":[{"start":{"line":415,"column":4},"end":{"line":415,"column":4}},{"start":{"line":415,"column":4},"end":{"line":415,"column":4}}]}}},"contracts/misc/Migrations.sol":{"l":{"9":1,"10":1,"14":1,"18":1,"22":0,"23":0},"path":"/Users/tikonoff/projects/sen-contracts/contracts/misc/Migrations.sol","s":{"1":1,"2":1,"3":1,"4":0},"b":{"1":[1,0]},"f":{"1":1,"2":1,"3":1,"4":0},"fnMap":{"1":{"name":"restricted","line":8,"loc":{"start":{"line":8,"column":2},"end":{"line":8,"column":23}}},"2":{"name":"Migrations","line":13,"loc":{"start":{"line":13,"column":2},"end":{"line":13,"column":30}}},"3":{"name":"setCompleted","line":17,"loc":{"start":{"line":17,"column":2},"end":{"line":17,"column":57}}},"4":{"name":"upgrade","line":21,"loc":{"start":{"line":21,"column":2},"end":{"line":21,"column":56}}}},"statementMap":{"1":{"start":{"line":9,"column":4},"end":{"line":9,"column":152}},"2":{"start":{"line":14,"column":4},"end":{"line":14,"column":21}},"3":{"start":{"line":18,"column":4},"end":{"line":18,"column":39}},"4":{"start":{"line":22,"column":4},"end":{"line":22,"column":47}}},"branchMap":{"1":{"line":9,"type":"if","locations":[{"start":{"line":9,"column":4},"end":{"line":9,"column":4}},{"start":{"line":9,"column":4},"end":{"line":9,"column":4}}]}}},"contracts/SEN.sol":{"l":{},"path":"/Users/tikonoff/projects/sen-contracts/contracts/SEN.sol","s":{},"b":{},"f":{"1":36},"fnMap":{"1":{"name":"SEN","line":7,"loc":{"start":{"line":7,"column":2},"end":{"line":14,"column":3}}}},"statementMap":{},"branchMap":{}},"contracts/test/DistributionMock.sol":{"l":{"23":0,"27":6},"path":"/Users/tikonoff/projects/sen-contracts/contracts/test/DistributionMock.sol","s":{"1":0,"2":6},"b":{},"f":{"1":13,"2":0,"3":6},"fnMap":{"1":{"name":"DistributionMock","line":10,"loc":{"start":{"line":10,"column":2},"end":{"line":20,"column":3}}},"2":{"name":"setMockedBlockNumber","line":22,"loc":{"start":{"line":22,"column":2},"end":{"line":22,"column":47}}},"3":{"name":"getBlockNumber","line":26,"loc":{"start":{"line":26,"column":2},"end":{"line":26,"column":60}}}},"statementMap":{"1":{"start":{"line":23,"column":4},"end":{"line":23,"column":24}},"2":{"start":{"line":27,"column":4},"end":{"line":27,"column":27}}},"branchMap":{}}}